<?xml version="1.0" encoding="UTF-8"?>
<testsuite xmlns:xsi="http://www.w3.org/2001/XMLSchema-instance" xsi:schemaLocation="https://maven.apache.org/surefire/maven-surefire-plugin/xsd/surefire-test-report.xsd" name="TestSuite" time="9.507" tests="4" errors="0" skipped="0" failures="0">
  <properties>
[...]
</properties>
  <testcase name="verifyCreateUser" classname="api.testcases.UserTest" time="2.583"/>
  <testcase name="verifyGetUser" classname="api.testcases.UserTest" time="1.198"/>
  <testcase name="verifyUpdateUser" classname="api.testcases.UserTest" time="2.37"/>
  <testcase name="verifyDeleteUser" classname="api.testcases.UserTest" time="1.196"/>
</testsuite>