<?xml version="1.0" encoding="UTF-8"?>
<testng-results ignored="0" total="4" passed="4" failed="0" skipped="0">
  <reporter-output>
  </reporter-output>
  <suite started-at="2023-10-17T20:15:21 IST" name="Test-Suite" finished-at="2023-10-17T20:15:29 IST" duration-ms="8149">
    <groups>
    </groups>
    <test started-at="2023-10-17T20:15:21 IST" name="ToolsQA" finished-at="2023-10-17T20:15:29 IST" duration-ms="8149">
      <class name="api.testcases.UserTest">
        <test-method is-config="true" signature="generateTestData()[pri:0, instance:api.testcases.UserTest@51e69659]" started-at="2023-10-17T20:15:21 IST" name="generateTestData" finished-at="2023-10-17T20:15:22 IST" duration-ms="596" status="PASS">
          <reporter-output>
          </reporter-output>
        </test-method> <!-- generateTestData -->
        <test-method signature="verifyCreateUser()[pri:1, instance:api.testcases.UserTest@51e69659]" started-at="2023-10-17T20:15:22 IST" name="verifyCreateUser" finished-at="2023-10-17T20:15:24 IST" duration-ms="2577" status="PASS">
          <reporter-output>
          </reporter-output>
        </test-method> <!-- verifyCreateUser -->
        <test-method signature="verifyGetUser()[pri:1, instance:api.testcases.UserTest@51e69659]" started-at="2023-10-17T20:15:24 IST" name="verifyGetUser" finished-at="2023-10-17T20:15:25 IST" duration-ms="1167" status="PASS">
          <reporter-output>
          </reporter-output>
        </test-method> <!-- verifyGetUser -->
        <test-method signature="verifyUpdateUser()[pri:2, instance:api.testcases.UserTest@51e69659]" started-at="2023-10-17T20:15:25 IST" name="verifyUpdateUser" finished-at="2023-10-17T20:15:28 IST" duration-ms="2355" status="PASS">
          <reporter-output>
          </reporter-output>
        </test-method> <!-- verifyUpdateUser -->
        <test-method signature="verifyDeleteUser()[pri:3, instance:api.testcases.UserTest@51e69659]" started-at="2023-10-17T20:15:28 IST" name="verifyDeleteUser" finished-at="2023-10-17T20:15:29 IST" duration-ms="1196" status="PASS">
          <reporter-output>
          </reporter-output>
        </test-method> <!-- verifyDeleteUser -->
      </class> <!-- api.testcases.UserTest -->
    </test> <!-- ToolsQA -->
  </suite> <!-- Test-Suite -->
</testng-results>
