<?xml version="1.0" encoding="UTF-8"?>
<!-- Generated by org.testng.reporters.JUnitXMLReporter -->
<testsuite ignored="0" hostname="D3SWZ353" failures="0" tests="4" name="ToolsQA" time="8.149" errors="0" timestamp="2023-10-17T20:15:29 IST">
  <testcase classname="api.testcases.UserTest" name="verifyCreateUser" time="2.577"/>
  <testcase classname="api.testcases.UserTest" name="verifyGetUser" time="1.167"/>
  <testcase classname="api.testcases.UserTest" name="verifyUpdateUser" time="2.355"/>
  <testcase classname="api.testcases.UserTest" name="verifyDeleteUser" time="1.196"/>
</testsuite> <!-- ToolsQA -->
